
> frontend@0.0.0 build
> tsc && vite build

vite v4.5.14 building for production...
transforming...
✓ 2 modules transformed.
✓ built in 56ms
[vite]: Rollup failed to resolve import "/src/main.tsx" from "/home/marguai/work/workarea/code/Google_Antigravity/nlp_etl_pipeline_1/frontend/index.html".
This is most likely unintended because it can break your application at runtime.
If you do want to externalize this module explicitly add it to
`build.rollupOptions.external`
error during build:
Error: [vite]: Rollup failed to resolve import "/src/main.tsx" from "/home/marguai/work/workarea/code/Google_Antigravity/nlp_etl_pipeline_1/frontend/index.html".
This is most likely unintended because it can break your application at runtime.
If you do want to externalize this module explicitly add it to
`build.rollupOptions.external`
    at viteWarn (file:///home/marguai/work/workarea/code/Google_Antigravity/nlp_etl_pipeline_1/frontend/node_modules/vite/dist/node/chunks/dep-827b23df.js:48272:27)
    at onwarn (file:///home/marguai/work/workarea/code/Google_Antigravity/nlp_etl_pipeline_1/frontend/node_modules/@vitejs/plugin-react/dist/index.js:90:7)
    at onRollupWarning (file:///home/marguai/work/workarea/code/Google_Antigravity/nlp_etl_pipeline_1/frontend/node_modules/vite/dist/node/chunks/dep-827b23df.js:48301:9)
    at onwarn (file:///home/marguai/work/workarea/code/Google_Antigravity/nlp_etl_pipeline_1/frontend/node_modules/vite/dist/node/chunks/dep-827b23df.js:48032:13)
    at file:///home/marguai/work/workarea/code/Google_Antigravity/nlp_etl_pipeline_1/frontend/node_modules/rollup/dist/es/shared/node-entry.js:24276:13
    at Object.logger [as onLog] (file:///home/marguai/work/workarea/code/Google_Antigravity/nlp_etl_pipeline_1/frontend/node_modules/rollup/dist/es/shared/node-entry.js:25950:9)
    at ModuleLoader.handleInvalidResolvedId (file:///home/marguai/work/workarea/code/Google_Antigravity/nlp_etl_pipeline_1/frontend/node_modules/rollup/dist/es/shared/node-entry.js:24862:26)
    at file:///home/marguai/work/workarea/code/Google_Antigravity/nlp_etl_pipeline_1/frontend/node_modules/rollup/dist/es/shared/node-entry.js:24822:26
